d:\random things\visual studio projects\coursemanager\coursemanager\coursemanager\x64\debug\vc143.pdb
d:\random things\visual studio projects\coursemanager\coursemanager\coursemanager\x64\debug\vc143.idb
d:\random things\visual studio projects\coursemanager\coursemanager\coursemanager\x64\debug\submission.obj
d:\random things\visual studio projects\coursemanager\coursemanager\coursemanager\x64\debug\student.obj
d:\random things\visual studio projects\coursemanager\coursemanager\coursemanager\x64\debug\mystring.obj
d:\random things\visual studio projects\coursemanager\coursemanager\coursemanager\x64\debug\messageallcommand.obj
d:\random things\visual studio projects\coursemanager\coursemanager\coursemanager\x64\debug\message.obj
d:\random things\visual studio projects\coursemanager\coursemanager\coursemanager\x64\debug\mailboxcommand.obj
d:\random things\visual studio projects\coursemanager\coursemanager\coursemanager\x64\debug\logoutcommand.obj
d:\random things\visual studio projects\coursemanager\coursemanager\coursemanager\x64\debug\logincommand.obj
d:\random things\visual studio projects\coursemanager\coursemanager\coursemanager\x64\debug\grade.obj
d:\random things\visual studio projects\coursemanager\coursemanager\coursemanager\x64\debug\courserepository.obj
d:\random things\visual studio projects\coursemanager\coursemanager\coursemanager\x64\debug\coursemanagerapp.obj
d:\random things\visual studio projects\coursemanager\coursemanager\coursemanager\x64\debug\coursemanager.obj
d:\random things\visual studio projects\coursemanager\coursemanager\coursemanager\x64\debug\course.obj
d:\random things\visual studio projects\coursemanager\coursemanager\coursemanager\x64\debug\commandfactory.obj
d:\random things\visual studio projects\coursemanager\coursemanager\coursemanager\x64\debug\command.obj
d:\random things\visual studio projects\coursemanager\coursemanager\coursemanager\x64\debug\clearmailboxcommand.obj
d:\random things\visual studio projects\coursemanager\coursemanager\coursemanager\x64\debug\changepasswordcommand.obj
d:\random things\visual studio projects\coursemanager\coursemanager\coursemanager\x64\debug\assignment.obj
d:\random things\visual studio projects\coursemanager\coursemanager\coursemanager\x64\debug\admin.obj
d:\random things\visual studio projects\coursemanager\coursemanager\coursemanager\x64\debug\addteachercommand.obj
d:\random things\visual studio projects\coursemanager\coursemanager\coursemanager\x64\debug\userrepository.obj
d:\random things\visual studio projects\coursemanager\coursemanager\coursemanager\x64\debug\userfactory.obj
d:\random things\visual studio projects\coursemanager\coursemanager\coursemanager\x64\debug\user.obj
d:\random things\visual studio projects\coursemanager\coursemanager\coursemanager\x64\debug\teacher.obj
d:\random things\visual studio projects\coursemanager\coursemanager\coursemanager\x64\debug\createcoursecommand.obj
d:\random things\visual studio projects\coursemanager\coursemanager\coursemanager\x64\debug\addtocoursecommand.obj
d:\random things\visual studio projects\coursemanager\coursemanager\coursemanager\x64\debug\addstudentcommand.obj
d:\random things\visual studio projects\coursemanager\coursemanager\coursemanager\x64\debug\addassignmentcommand.obj
d:\random things\visual studio projects\coursemanager\coursemanager\coursemanager\x64\debug\messagestudentscommand.obj
d:\random things\visual studio projects\coursemanager\coursemanager\x64\debug\coursemanager.exe
d:\random things\visual studio projects\coursemanager\coursemanager\x64\debug\coursemanager.pdb
d:\random things\visual studio projects\coursemanager\coursemanager\coursemanager\x64\debug\coursemanager.ilk
d:\random things\visual studio projects\coursemanager\coursemanager\coursemanager\x64\debug\coursemanager.tlog\cl.command.1.tlog
d:\random things\visual studio projects\coursemanager\coursemanager\coursemanager\x64\debug\coursemanager.tlog\cl.items.tlog
d:\random things\visual studio projects\coursemanager\coursemanager\coursemanager\x64\debug\coursemanager.tlog\cl.read.1.tlog
d:\random things\visual studio projects\coursemanager\coursemanager\coursemanager\x64\debug\coursemanager.tlog\cl.write.1.tlog
d:\random things\visual studio projects\coursemanager\coursemanager\coursemanager\x64\debug\coursemanager.tlog\link.command.1.tlog
d:\random things\visual studio projects\coursemanager\coursemanager\coursemanager\x64\debug\coursemanager.tlog\link.read.1.tlog
d:\random things\visual studio projects\coursemanager\coursemanager\coursemanager\x64\debug\coursemanager.tlog\link.secondary.1.tlog
d:\random things\visual studio projects\coursemanager\coursemanager\coursemanager\x64\debug\coursemanager.tlog\link.write.1.tlog
